[0m2021.04.28 00:19:30 INFO  Started: Metals version 0.10.2 in workspace 'F:\TestCode\20210427\hello-world' for client vscode 1.55.2.[0m
[0m2021.04.28 00:19:31 INFO  time: initialize in 0.37s[0m
[0m2021.04.28 00:19:31 WARN  Build server is not auto-connectable.[0m
[0m2021.04.28 00:19:31 WARN  no build tool detected in workspace 'F:\TestCode\20210427\hello-world'. The most common cause for this problem is that the editor was opened in the wrong working directory, for example if you use sbt then the workspace directory should contain build.sbt. [0m
ËÄÔÂ 28, 2021 12:31:35 ÉÏÎç org.eclipse.lsp4j.jsonrpc.services.GenericEndpoint notify
ÐÅÏ¢: Unsupported notification method: $/setTraceNotification
[0m2021.04.28 00:31:39 INFO  shutting down Metals[0m
[0m2021.04.28 01:01:39 INFO  Started: Metals version 0.10.2 in workspace 'F:\TestCode\20210427\hello-world' for client vscode 1.55.2.[0m
[0m2021.04.28 01:01:39 INFO  time: initialize in 0.36s[0m
[0m2021.04.28 01:01:40 WARN  Build server is not auto-connectable.[0m
[0m2021.04.28 01:01:40 WARN  no build tool detected in workspace 'F:\TestCode\20210427\hello-world'. The most common cause for this problem is that the editor was opened in the wrong working directory, for example if you use sbt then the workspace directory should contain build.sbt. [0m
[0m2021.04.28 01:01:40 WARN  no build target for: F:\TestCode\20210427\hello-world\scala3\001.scala[0m
[0m2021.04.28 01:02:57 INFO  no build target: using presentation compiler with only scala-library: 2.12.13[0m
[0m2021.04.28 01:02:58 INFO  time: code lens generation in 1m7s[0m
[0m2021.04.28 01:02:58 INFO  time: code lens generation in 1m7s[0m
[0m2021.04.28 01:02:58 INFO  time: code lens generation in 1m9s[0m
[0m2021.04.28 01:02:58 INFO  time: code lens generation in 1m14s[0m
[0m2021.04.28 01:02:58 INFO  time: code lens generation in 1m15s[0m
[0m2021.04.28 01:02:58 INFO  time: code lens generation in 1m16s[0m
[0m2021.04.28 01:02:58 INFO  time: code lens generation in 1m16s[0m
[0m2021.04.28 01:02:58 INFO  time: code lens generation in 1m18s[0m
something's wrong: no file:///F:/TestCode/20210427/hello-world/scala3/001.scala in Array[<error>]RangePosition(file:///F:/TestCode/20210427/hello-world/scala3/001.scala, 158, 158, 173)
something's wrong: no file:///F:/TestCode/20210427/hello-world/scala3/001.scala in Array[<error>]RangePosition(file:///F:/TestCode/20210427/hello-world/scala3/001.scala, 158, 158, 166)
something's wrong: no file:///F:/TestCode/20210427/hello-world/scala3/001.scala in Array[<error>]RangePosition(file:///F:/TestCode/20210427/hello-world/scala3/001.scala, 158, 158, 167)
something's wrong: no file:///F:/TestCode/20210427/hello-world/scala3/001.scala in Array[<error>]RangePosition(file:///F:/TestCode/20210427/hello-world/scala3/001.scala, 158, 158, 168)
something's wrong: no file:///F:/TestCode/20210427/hello-world/scala3/001.scala in Array[<error>]RangePosition(file:///F:/TestCode/20210427/hello-world/scala3/001.scala, 158, 158, 169)
something's wrong: no file:///F:/TestCode/20210427/hello-world/scala3/001.scala in Array[String]RangePosition(file:///F:/TestCode/20210427/hello-world/scala3/001.scala, 158, 158, 171)
[0m2021.04.28 01:03:15 WARN  no build target for: F:\TestCode\20210427\hello-world\scala3\001.scala[0m
[0m2021.04.28 01:03:40 WARN  no build target for: F:\TestCode\20210427\hello-world\scala3\001.scala[0m
